  [1m[35m (1078.8ms)[0m  [1m[35mCREATE DATABASE "dashoffice_development" ENCODING = 'unicode'[0m
  ↳ bin/rails:9
  [1m[35m (632.0ms)[0m  [1m[35mCREATE DATABASE "dashoffice_test" ENCODING = 'unicode'[0m
  ↳ bin/rails:9
Started GET "/" for ::1 at 2019-03-23 12:58:36 -0300
Processing by MainController#index as HTML
  Rendering main/index.html.erb within layouts/application
  Rendered main/index.html.erb within layouts/application (9227.0ms)
Completed 500 Internal Server Error in 9286ms (ActiveRecord: 0.0ms)


  
ActionView::Template::Error (Invalid CSS after " @import ": expected file to import (string or url()), was "“bootstrap”;"):
     5: 				<nav class="navbar navbar-expand-lg navbar-light">
     6: 					<div class="container">
     7: 						  <a class="navbar-brand" href="index.html">
     8: 						  	<%= image_tag "img/logo.png", class: "" %>
     9: 						  </a>
    10: 						  <button class="navbar-toggler" type="button" data-toggle="collapse" data-target="#navbarSupportedContent" aria-controls="navbarSupportedContent" aria-expanded="false" aria-label="Toggle navigation">
    11: 						    <span class="navbar-toggler-icon"></span>
  
app/assets/stylesheets/application.scss:17
app/views/main/index.html.erb:8:in `_app_views_main_index_html_erb__4071621689989122492_27704360'
Started GET "/" for ::1 at 2019-03-23 12:59:34 -0300
Processing by MainController#index as HTML
  Rendering main/index.html.erb within layouts/application
  Rendered main/index.html.erb within layouts/application (356.6ms)
Completed 500 Internal Server Error in 373ms (ActiveRecord: 0.0ms)


  
ActionView::Template::Error (Invalid CSS after " @import ": expected file to import (string or url()), was "“bootstrap”"):
     5: 				<nav class="navbar navbar-expand-lg navbar-light">
     6: 					<div class="container">
     7: 						  <a class="navbar-brand" href="index.html">
     8: 						  	<%= image_tag "img/logo.png", class: "" %>
     9: 						  </a>
    10: 						  <button class="navbar-toggler" type="button" data-toggle="collapse" data-target="#navbarSupportedContent" aria-controls="navbarSupportedContent" aria-expanded="false" aria-label="Toggle navigation">
    11: 						    <span class="navbar-toggler-icon"></span>
  
app/assets/stylesheets/application.scss:17
app/views/main/index.html.erb:8:in `_app_views_main_index_html_erb___3188872196718377756_39967480'
Started GET "/" for ::1 at 2019-03-23 13:00:50 -0300
Processing by MainController#index as HTML
  Rendering main/index.html.erb within layouts/application
  Rendered main/index.html.erb within layouts/application (5892.2ms)
Completed 500 Internal Server Error in 5906ms (ActiveRecord: 0.0ms)


  
ActionView::Template::Error ():
     5: 				<nav class="navbar navbar-expand-lg navbar-light">
     6: 					<div class="container">
     7: 						  <a class="navbar-brand" href="index.html">
     8: 						  	<%= image_tag "img/logo.png", class: "" %>
     9: 						  </a>
    10: 						  <button class="navbar-toggler" type="button" data-toggle="collapse" data-target="#navbarSupportedContent" aria-controls="navbarSupportedContent" aria-expanded="false" aria-label="Toggle navigation">
    11: 						    <span class="navbar-toggler-icon"></span>
  
(execjs):1
app/views/main/index.html.erb:8:in `_app_views_main_index_html_erb___3188872196718377756_70046858940120'
Started GET "/" for ::1 at 2019-03-23 13:01:03 -0300
Processing by MainController#index as HTML
  Rendering main/index.html.erb within layouts/application
  Rendered main/index.html.erb within layouts/application (7444.0ms)
Completed 200 OK in 8041ms (Views: 8028.6ms | ActiveRecord: 0.0ms)


Started GET "/img/header-bg.jpg" for ::1 at 2019-03-23 13:01:12 -0300
  
ActionController::RoutingError (No route matches [GET] "/img/header-bg.jpg"):
  
actionpack (5.2.2.1) lib/action_dispatch/middleware/debug_exceptions.rb:65:in `call'
web-console (3.7.0) lib/web_console/middleware.rb:135:in `call_app'
web-console (3.7.0) lib/web_console/middleware.rb:30:in `block in call'
web-console (3.7.0) lib/web_console/middleware.rb:20:in `catch'
web-console (3.7.0) lib/web_console/middleware.rb:20:in `call'
actionpack (5.2.2.1) lib/action_dispatch/middleware/show_exceptions.rb:33:in `call'
railties (5.2.2.1) lib/rails/rack/logger.rb:38:in `call_app'
railties (5.2.2.1) lib/rails/rack/logger.rb:26:in `block in call'
activesupport (5.2.2.1) lib/active_support/tagged_logging.rb:71:in `block in tagged'
activesupport (5.2.2.1) lib/active_support/tagged_logging.rb:28:in `tagged'
activesupport (5.2.2.1) lib/active_support/tagged_logging.rb:71:in `tagged'
railties (5.2.2.1) lib/rails/rack/logger.rb:26:in `call'
sprockets-rails (3.2.1) lib/sprockets/rails/quiet_assets.rb:13:in `call'
actionpack (5.2.2.1) lib/action_dispatch/middleware/remote_ip.rb:81:in `call'
actionpack (5.2.2.1) lib/action_dispatch/middleware/request_id.rb:27:in `call'
rack (2.0.6) lib/rack/method_override.rb:22:in `call'
rack (2.0.6) lib/rack/runtime.rb:22:in `call'
activesupport (5.2.2.1) lib/active_support/cache/strategy/local_cache_middleware.rb:29:in `call'
actionpack (5.2.2.1) lib/action_dispatch/middleware/executor.rb:14:in `call'
actionpack (5.2.2.1) lib/action_dispatch/middleware/static.rb:127:in `call'
rack (2.0.6) lib/rack/sendfile.rb:111:in `call'
railties (5.2.2.1) lib/rails/engine.rb:524:in `call'
puma (3.12.1) lib/puma/configuration.rb:227:in `call'
puma (3.12.1) lib/puma/server.rb:660:in `handle_request'
puma (3.12.1) lib/puma/server.rb:474:in `process_client'
puma (3.12.1) lib/puma/server.rb:334:in `block in run'
puma (3.12.1) lib/puma/thread_pool.rb:135:in `block in spawn_thread'
Started GET "/" for ::1 at 2019-03-23 13:02:54 -0300
Processing by MainController#index as HTML
  Rendering main/index.html.erb within layouts/application
  Rendered main/index.html.erb within layouts/application (2.1ms)
Completed 500 Internal Server Error in 76ms (ActiveRecord: 0.0ms)


  
SyntaxError (/home/diego/Documentos/learning path/dashoffice/app/views/main/index.html.erb:43: syntax error, unexpected ( arg, expecting keyword_do or '{' or '('
...age-src= '.freeze; asset-path ("img/header-bg.jpg") ;@output...
...                              ^):
  
app/views/main/index.html.erb:43: syntax error, unexpected ( arg, expecting keyword_do or '{' or '('
Started GET "/" for ::1 at 2019-03-23 13:03:11 -0300
Processing by MainController#index as HTML
  Rendering main/index.html.erb within layouts/application
  Rendered main/index.html.erb within layouts/application (2.2ms)
Completed 500 Internal Server Error in 7ms (ActiveRecord: 0.0ms)


  
SyntaxError (/home/diego/Documentos/learning path/dashoffice/app/views/main/index.html.erb:43: syntax error, unexpected tSTRING_BEG, expecting keyword_do or '{' or '('
...age-src= '.freeze; asset-path "img/header-bg.jpg" ;@output_b...
...                              ^):
  
app/views/main/index.html.erb:43: syntax error, unexpected tSTRING_BEG, expecting keyword_do or '{' or '('
Started GET "/" for ::1 at 2019-03-23 13:08:37 -0300
Processing by MainController#index as HTML
  Rendering main/index.html.erb within layouts/application
  Rendered main/index.html.erb within layouts/application (1154.3ms)
Completed 200 OK in 1700ms (Views: 1687.3ms | ActiveRecord: 0.0ms)


